0 info it worked if it ends with ok
1 verbose cli [ '/usr/local/bin/node', '/usr/local/bin/npm', 'install', 'zlib' ]
2 info using npm@3.10.10
3 info using node@v6.9.4
4 verbose config Skipping project config: /Users/sphinx/.npmrc. (matches userconfig)
5 silly loadCurrentTree Starting
6 silly install loadCurrentTree
7 silly install readLocalPackageData
8 silly fetchPackageMetaData zlib
9 silly fetchNamedPackageData zlib
10 silly mapToRegistry name zlib
11 silly mapToRegistry using default registry
12 silly mapToRegistry registry https://registry.npmjs.org/
13 silly mapToRegistry data Result {
13 silly mapToRegistry   raw: 'zlib',
13 silly mapToRegistry   scope: null,
13 silly mapToRegistry   escapedName: 'zlib',
13 silly mapToRegistry   name: 'zlib',
13 silly mapToRegistry   rawSpec: '',
13 silly mapToRegistry   spec: 'latest',
13 silly mapToRegistry   type: 'tag' }
14 silly mapToRegistry uri https://registry.npmjs.org/zlib
15 verbose request uri https://registry.npmjs.org/zlib
16 verbose request no auth needed
17 info attempt registry request try #1 at 4:56:14 PM
18 verbose request id b2dacddbb2b8d1e5
19 verbose etag W/"5949e37d-17e2"
20 verbose lastModified Wed, 21 Jun 2017 03:09:49 GMT
21 http request GET https://registry.npmjs.org/zlib
22 http 304 https://registry.npmjs.org/zlib
23 verbose headers { date: 'Tue, 27 Jun 2017 11:26:15 GMT',
23 verbose headers   via: '1.1 varnish',
23 verbose headers   'cache-control': 'max-age=300',
23 verbose headers   etag: 'W/"5949e37d-17e2"',
23 verbose headers   age: '70',
23 verbose headers   connection: 'keep-alive',
23 verbose headers   'x-served-by': 'cache-lcy1123-LCY',
23 verbose headers   'x-cache': 'HIT',
23 verbose headers   'x-cache-hits': '1',
23 verbose headers   'x-timer': 'S1498562775.349514,VS0,VE0',
23 verbose headers   vary: 'Accept-Encoding' }
24 silly get cb [ 304,
24 silly get   { date: 'Tue, 27 Jun 2017 11:26:15 GMT',
24 silly get     via: '1.1 varnish',
24 silly get     'cache-control': 'max-age=300',
24 silly get     etag: 'W/"5949e37d-17e2"',
24 silly get     age: '70',
24 silly get     connection: 'keep-alive',
24 silly get     'x-served-by': 'cache-lcy1123-LCY',
24 silly get     'x-cache': 'HIT',
24 silly get     'x-cache-hits': '1',
24 silly get     'x-timer': 'S1498562775.349514,VS0,VE0',
24 silly get     vary: 'Accept-Encoding' } ]
25 verbose etag https://registry.npmjs.org/zlib from cache
26 verbose get saving zlib to /Users/sphinx/.npm/registry.npmjs.org/zlib/.cache.json
27 verbose correctMkdir /Users/sphinx/.npm correctMkdir not in flight; initializing
28 silly install normalizeTree
29 silly loadCurrentTree Finishing
30 silly loadIdealTree Starting
31 silly install loadIdealTree
32 silly cloneCurrentTree Starting
33 silly install cloneCurrentTreeToIdealTree
34 silly cloneCurrentTree Finishing
35 silly loadShrinkwrap Starting
36 silly install loadShrinkwrap
37 silly loadShrinkwrap Finishing
38 silly loadAllDepsIntoIdealTree Starting
39 silly install loadAllDepsIntoIdealTree
40 silly resolveWithNewModule zlib@1.0.5 checking installable status
41 silly cache add args [ 'zlib', null ]
42 verbose cache add spec zlib
43 silly cache add parsed spec Result {
43 silly cache add   raw: 'zlib',
43 silly cache add   scope: null,
43 silly cache add   escapedName: 'zlib',
43 silly cache add   name: 'zlib',
43 silly cache add   rawSpec: '',
43 silly cache add   spec: 'latest',
43 silly cache add   type: 'tag' }
44 silly addNamed zlib@latest
45 verbose addNamed "latest" is being treated as a dist-tag for zlib
46 info addNameTag [ 'zlib', 'latest' ]
47 silly mapToRegistry name zlib
48 silly mapToRegistry using default registry
49 silly mapToRegistry registry https://registry.npmjs.org/
50 silly mapToRegistry data Result {
50 silly mapToRegistry   raw: 'zlib',
50 silly mapToRegistry   scope: null,
50 silly mapToRegistry   escapedName: 'zlib',
50 silly mapToRegistry   name: 'zlib',
50 silly mapToRegistry   rawSpec: '',
50 silly mapToRegistry   spec: 'latest',
50 silly mapToRegistry   type: 'tag' }
51 silly mapToRegistry uri https://registry.npmjs.org/zlib
52 verbose addNameTag registry:https://registry.npmjs.org/zlib not in flight; fetching
53 verbose get https://registry.npmjs.org/zlib not expired, no request
54 silly addNameTag next cb for zlib with tag latest
55 silly addNamed zlib@1.0.5
56 verbose addNamed "1.0.5" is a plain semver version for zlib
57 silly cache afterAdd zlib@1.0.5
58 verbose afterAdd /Users/sphinx/.npm/zlib/1.0.5/package/package.json not in flight; writing
59 verbose correctMkdir /Users/sphinx/.npm correctMkdir not in flight; initializing
60 verbose afterAdd /Users/sphinx/.npm/zlib/1.0.5/package/package.json written
61 silly loadAllDepsIntoIdealTree Finishing
62 silly loadIdealTree Finishing
63 silly currentTree formidable-test@1.1.1
63 silly currentTree ├── @types/node@6.0.78
63 silly currentTree ├── accepts@1.3.3
63 silly currentTree ├── ajv@4.11.8
63 silly currentTree ├── ansi-regex@2.1.1
63 silly currentTree ├── array-flatten@1.1.1
63 silly currentTree ├── asn1@0.2.3
63 silly currentTree ├── assert-plus@0.2.0
63 silly currentTree ├── asynckit@0.4.0
63 silly currentTree ├── aws-sign2@0.6.0
63 silly currentTree ├── aws4@1.6.0
63 silly currentTree ├── bcrypt-pbkdf@1.0.1
63 silly currentTree ├── boolbase@1.0.0
63 silly currentTree ├── boom@2.10.1
63 silly currentTree ├── caseless@0.12.0
63 silly currentTree ├── cheerio@1.0.0-rc.1
63 silly currentTree ├── cli-color@1.1.0
63 silly currentTree ├── co@4.6.0
63 silly currentTree ├── combined-stream@1.0.5
63 silly currentTree ├── commander@2.9.0
63 silly currentTree ├── content-disposition@0.5.2
63 silly currentTree ├── content-type@1.0.2
63 silly currentTree ├── cookie-signature@1.0.6
63 silly currentTree ├── cookie@0.3.1
63 silly currentTree ├── core-util-is@1.0.2
63 silly currentTree ├── cryptiles@2.0.5
63 silly currentTree ├── crypto@0.0.3
63 silly currentTree ├── css-select@1.2.0
63 silly currentTree ├── css-what@2.1.0
63 silly currentTree ├── d@0.1.1
63 silly currentTree ├─┬ dashdash@1.14.1
63 silly currentTree │ └── assert-plus@1.0.0
63 silly currentTree ├── death@1.0.0
63 silly currentTree ├── debug@2.2.0
63 silly currentTree ├── delayed-stream@1.0.0
63 silly currentTree ├── depd@1.1.0
63 silly currentTree ├── destroy@1.0.4
63 silly currentTree ├─┬ dom-serializer@0.1.0
63 silly currentTree │ └── domelementtype@1.1.3
63 silly currentTree ├── domelementtype@1.3.0
63 silly currentTree ├── domhandler@2.4.1
63 silly currentTree ├── domutils@1.5.1
63 silly currentTree ├── ecc-jsbn@0.1.1
63 silly currentTree ├── ee-first@1.1.1
63 silly currentTree ├── encodeurl@1.0.1
63 silly currentTree ├── entities@1.1.1
63 silly currentTree ├── es5-ext@0.10.23
63 silly currentTree ├─┬ es6-iterator@2.0.1
63 silly currentTree │ └── d@1.0.0
63 silly currentTree ├─┬ es6-symbol@3.1.1
63 silly currentTree │ └── d@1.0.0
63 silly currentTree ├─┬ es6-weak-map@0.1.4
63 silly currentTree │ ├── es6-iterator@0.1.3
63 silly currentTree │ └── es6-symbol@2.0.1
63 silly currentTree ├── escape-html@1.0.3
63 silly currentTree ├── etag@1.7.0
63 silly currentTree ├─┬ event-emitter@0.3.5
63 silly currentTree │ └── d@1.0.0
63 silly currentTree ├─┬ express@4.14.1
63 silly currentTree │ └── qs@6.2.0
63 silly currentTree ├── extend@3.0.1
63 silly currentTree ├── extsprintf@1.0.2
63 silly currentTree ├── finalhandler@0.5.1
63 silly currentTree ├── forever-agent@0.6.1
63 silly currentTree ├── form-data@2.1.4
63 silly currentTree ├── formidable@1.1.1
63 silly currentTree ├── forwarded@0.1.0
63 silly currentTree ├── fresh@0.3.0
63 silly currentTree ├─┬ getpass@0.1.7
63 silly currentTree │ └── assert-plus@1.0.0
63 silly currentTree ├── graceful-readlink@1.0.1
63 silly currentTree ├── har-schema@1.0.5
63 silly currentTree ├── har-validator@4.2.1
63 silly currentTree ├── hawk@3.1.3
63 silly currentTree ├── hoek@2.16.3
63 silly currentTree ├── htmlparser2@3.9.2
63 silly currentTree ├── http-errors@1.5.1
63 silly currentTree ├── http-signature@1.1.1
63 silly currentTree ├── inherits@2.0.3
63 silly currentTree ├── ipaddr.js@1.3.0
63 silly currentTree ├── is-typedarray@1.0.0
63 silly currentTree ├── isarray@1.0.0
63 silly currentTree ├── isstream@0.1.2
63 silly currentTree ├── jsbn@0.1.1
63 silly currentTree ├── json-schema@0.2.3
63 silly currentTree ├── json-stable-stringify@1.0.1
63 silly currentTree ├── json-stringify-safe@5.0.1
63 silly currentTree ├── jsonify@0.0.0
63 silly currentTree ├─┬ jsprim@1.4.0
63 silly currentTree │ └── assert-plus@1.0.0
63 silly currentTree ├── lodash@4.17.4
63 silly currentTree ├── lru-queue@0.1.0
63 silly currentTree ├── media-typer@0.3.0
63 silly currentTree ├── memoizee@0.3.10
63 silly currentTree ├── merge-descriptors@1.0.1
63 silly currentTree ├── methods@1.1.2
63 silly currentTree ├── mime-db@1.27.0
63 silly currentTree ├── mime-types@2.1.15
63 silly currentTree ├── mime@1.3.4
63 silly currentTree ├── minimist@1.2.0
63 silly currentTree ├── ms@0.7.1
63 silly currentTree ├── nan@2.6.2
63 silly currentTree ├── negotiator@0.6.1
63 silly currentTree ├── next-tick@0.2.2
63 silly currentTree ├── node-spawn@0.0.7
63 silly currentTree ├── nth-check@1.0.1
63 silly currentTree ├── oauth-sign@0.8.2
63 silly currentTree ├── on-finished@2.3.0
63 silly currentTree ├── open@0.0.5
63 silly currentTree ├── options@0.0.6
63 silly currentTree ├── parse5@3.0.2
63 silly currentTree ├── parseurl@1.3.1
63 silly currentTree ├── path-to-regexp@0.1.7
63 silly currentTree ├── performance-now@0.2.0
63 silly currentTree ├── process-nextick-args@1.0.7
63 silly currentTree ├── proxy-addr@1.1.4
63 silly currentTree ├── punycode@1.4.1
63 silly currentTree ├── python-shell@0.4.0
63 silly currentTree ├── qs@6.4.0
63 silly currentTree ├── range-parser@1.2.0
63 silly currentTree ├─┬ readable-stream@2.2.11
63 silly currentTree │ └── safe-buffer@5.0.1
63 silly currentTree ├── reload@1.1.5
63 silly currentTree ├── request@2.81.0
63 silly currentTree ├── safe-buffer@5.1.0
63 silly currentTree ├─┬ send@0.14.2
63 silly currentTree │ └── ms@0.7.2
63 silly currentTree ├── serve-static@1.11.2
63 silly currentTree ├── setprototypeof@1.0.2
63 silly currentTree ├── sleep@5.1.1
63 silly currentTree ├── sntp@1.0.9
63 silly currentTree ├─┬ sshpk@1.13.1
63 silly currentTree │ └── assert-plus@1.0.0
63 silly currentTree ├── statuses@1.3.1
63 silly currentTree ├─┬ string_decoder@1.0.2
63 silly currentTree │ └── safe-buffer@5.0.1
63 silly currentTree ├── stringstream@0.0.5
63 silly currentTree ├── supervisor@0.11.0
63 silly currentTree ├─┬ timers-ext@0.1.2
63 silly currentTree │ └── next-tick@1.0.0
63 silly currentTree ├── tough-cookie@2.3.2
63 silly currentTree ├── tunnel-agent@0.6.0
63 silly currentTree ├── tweetnacl@0.14.5
63 silly currentTree ├── type-is@1.6.15
63 silly currentTree ├── ultron@1.0.2
63 silly currentTree ├── unpipe@1.0.0
63 silly currentTree ├── util-deprecate@1.0.2
63 silly currentTree ├── utils-merge@1.0.0
63 silly currentTree ├── uuid@3.0.1
63 silly currentTree ├── vary@1.1.1
63 silly currentTree ├── verror@1.3.6
63 silly currentTree ├── ws@1.1.4
63 silly currentTree ├── xmldom@0.1.27
63 silly currentTree ├── xmlserializer@0.6.0
63 silly currentTree └── xpath@0.0.24
64 silly idealTree formidable-test@1.1.1
64 silly idealTree ├── @types/node@6.0.78
64 silly idealTree ├── accepts@1.3.3
64 silly idealTree ├── ajv@4.11.8
64 silly idealTree ├── ansi-regex@2.1.1
64 silly idealTree ├── array-flatten@1.1.1
64 silly idealTree ├── asn1@0.2.3
64 silly idealTree ├── assert-plus@0.2.0
64 silly idealTree ├── asynckit@0.4.0
64 silly idealTree ├── aws-sign2@0.6.0
64 silly idealTree ├── aws4@1.6.0
64 silly idealTree ├── bcrypt-pbkdf@1.0.1
64 silly idealTree ├── boolbase@1.0.0
64 silly idealTree ├── boom@2.10.1
64 silly idealTree ├── caseless@0.12.0
64 silly idealTree ├── cheerio@1.0.0-rc.1
64 silly idealTree ├── cli-color@1.1.0
64 silly idealTree ├── co@4.6.0
64 silly idealTree ├── combined-stream@1.0.5
64 silly idealTree ├── commander@2.9.0
64 silly idealTree ├── content-disposition@0.5.2
64 silly idealTree ├── content-type@1.0.2
64 silly idealTree ├── cookie-signature@1.0.6
64 silly idealTree ├── cookie@0.3.1
64 silly idealTree ├── core-util-is@1.0.2
64 silly idealTree ├── cryptiles@2.0.5
64 silly idealTree ├── crypto@0.0.3
64 silly idealTree ├── css-select@1.2.0
64 silly idealTree ├── css-what@2.1.0
64 silly idealTree ├── d@0.1.1
64 silly idealTree ├─┬ dashdash@1.14.1
64 silly idealTree │ └── assert-plus@1.0.0
64 silly idealTree ├── death@1.0.0
64 silly idealTree ├── debug@2.2.0
64 silly idealTree ├── delayed-stream@1.0.0
64 silly idealTree ├── depd@1.1.0
64 silly idealTree ├── destroy@1.0.4
64 silly idealTree ├─┬ dom-serializer@0.1.0
64 silly idealTree │ └── domelementtype@1.1.3
64 silly idealTree ├── domelementtype@1.3.0
64 silly idealTree ├── domhandler@2.4.1
64 silly idealTree ├── domutils@1.5.1
64 silly idealTree ├── ecc-jsbn@0.1.1
64 silly idealTree ├── ee-first@1.1.1
64 silly idealTree ├── encodeurl@1.0.1
64 silly idealTree ├── entities@1.1.1
64 silly idealTree ├── es5-ext@0.10.23
64 silly idealTree ├─┬ es6-iterator@2.0.1
64 silly idealTree │ └── d@1.0.0
64 silly idealTree ├─┬ es6-symbol@3.1.1
64 silly idealTree │ └── d@1.0.0
64 silly idealTree ├─┬ es6-weak-map@0.1.4
64 silly idealTree │ ├── es6-iterator@0.1.3
64 silly idealTree │ └── es6-symbol@2.0.1
64 silly idealTree ├── escape-html@1.0.3
64 silly idealTree ├── etag@1.7.0
64 silly idealTree ├─┬ event-emitter@0.3.5
64 silly idealTree │ └── d@1.0.0
64 silly idealTree ├─┬ express@4.14.1
64 silly idealTree │ └── qs@6.2.0
64 silly idealTree ├── extend@3.0.1
64 silly idealTree ├── extsprintf@1.0.2
64 silly idealTree ├── finalhandler@0.5.1
64 silly idealTree ├── forever-agent@0.6.1
64 silly idealTree ├── form-data@2.1.4
64 silly idealTree ├── formidable@1.1.1
64 silly idealTree ├── forwarded@0.1.0
64 silly idealTree ├── fresh@0.3.0
64 silly idealTree ├─┬ getpass@0.1.7
64 silly idealTree │ └── assert-plus@1.0.0
64 silly idealTree ├── graceful-readlink@1.0.1
64 silly idealTree ├── har-schema@1.0.5
64 silly idealTree ├── har-validator@4.2.1
64 silly idealTree ├── hawk@3.1.3
64 silly idealTree ├── hoek@2.16.3
64 silly idealTree ├── htmlparser2@3.9.2
64 silly idealTree ├── http-errors@1.5.1
64 silly idealTree ├── http-signature@1.1.1
64 silly idealTree ├── inherits@2.0.3
64 silly idealTree ├── ipaddr.js@1.3.0
64 silly idealTree ├── is-typedarray@1.0.0
64 silly idealTree ├── isarray@1.0.0
64 silly idealTree ├── isstream@0.1.2
64 silly idealTree ├── jsbn@0.1.1
64 silly idealTree ├── json-schema@0.2.3
64 silly idealTree ├── json-stable-stringify@1.0.1
64 silly idealTree ├── json-stringify-safe@5.0.1
64 silly idealTree ├── jsonify@0.0.0
64 silly idealTree ├─┬ jsprim@1.4.0
64 silly idealTree │ └── assert-plus@1.0.0
64 silly idealTree ├── lodash@4.17.4
64 silly idealTree ├── lru-queue@0.1.0
64 silly idealTree ├── media-typer@0.3.0
64 silly idealTree ├── memoizee@0.3.10
64 silly idealTree ├── merge-descriptors@1.0.1
64 silly idealTree ├── methods@1.1.2
64 silly idealTree ├── mime-db@1.27.0
64 silly idealTree ├── mime-types@2.1.15
64 silly idealTree ├── mime@1.3.4
64 silly idealTree ├── minimist@1.2.0
64 silly idealTree ├── ms@0.7.1
64 silly idealTree ├── nan@2.6.2
64 silly idealTree ├── negotiator@0.6.1
64 silly idealTree ├── next-tick@0.2.2
64 silly idealTree ├── node-spawn@0.0.7
64 silly idealTree ├── nth-check@1.0.1
64 silly idealTree ├── oauth-sign@0.8.2
64 silly idealTree ├── on-finished@2.3.0
64 silly idealTree ├── open@0.0.5
64 silly idealTree ├── options@0.0.6
64 silly idealTree ├── parse5@3.0.2
64 silly idealTree ├── parseurl@1.3.1
64 silly idealTree ├── path-to-regexp@0.1.7
64 silly idealTree ├── performance-now@0.2.0
64 silly idealTree ├── process-nextick-args@1.0.7
64 silly idealTree ├── proxy-addr@1.1.4
64 silly idealTree ├── punycode@1.4.1
64 silly idealTree ├── python-shell@0.4.0
64 silly idealTree ├── qs@6.4.0
64 silly idealTree ├── range-parser@1.2.0
64 silly idealTree ├─┬ readable-stream@2.2.11
64 silly idealTree │ └── safe-buffer@5.0.1
64 silly idealTree ├── reload@1.1.5
64 silly idealTree ├── request@2.81.0
64 silly idealTree ├── safe-buffer@5.1.0
64 silly idealTree ├─┬ send@0.14.2
64 silly idealTree │ └── ms@0.7.2
64 silly idealTree ├── serve-static@1.11.2
64 silly idealTree ├── setprototypeof@1.0.2
64 silly idealTree ├── sleep@5.1.1
64 silly idealTree ├── sntp@1.0.9
64 silly idealTree ├─┬ sshpk@1.13.1
64 silly idealTree │ └── assert-plus@1.0.0
64 silly idealTree ├── statuses@1.3.1
64 silly idealTree ├─┬ string_decoder@1.0.2
64 silly idealTree │ └── safe-buffer@5.0.1
64 silly idealTree ├── stringstream@0.0.5
64 silly idealTree ├── supervisor@0.11.0
64 silly idealTree ├─┬ timers-ext@0.1.2
64 silly idealTree │ └── next-tick@1.0.0
64 silly idealTree ├── tough-cookie@2.3.2
64 silly idealTree ├── tunnel-agent@0.6.0
64 silly idealTree ├── tweetnacl@0.14.5
64 silly idealTree ├── type-is@1.6.15
64 silly idealTree ├── ultron@1.0.2
64 silly idealTree ├── unpipe@1.0.0
64 silly idealTree ├── util-deprecate@1.0.2
64 silly idealTree ├── utils-merge@1.0.0
64 silly idealTree ├── uuid@3.0.1
64 silly idealTree ├── vary@1.1.1
64 silly idealTree ├── verror@1.3.6
64 silly idealTree ├── ws@1.1.4
64 silly idealTree ├── xmldom@0.1.27
64 silly idealTree ├── xmlserializer@0.6.0
64 silly idealTree ├── xpath@0.0.24
64 silly idealTree └── zlib@1.0.5
65 silly generateActionsToTake Starting
66 silly install generateActionsToTake
67 silly generateActionsToTake Finishing
68 silly diffTrees action count 1
69 silly diffTrees add zlib@1.0.5
70 silly decomposeActions action count 8
71 silly decomposeActions fetch zlib@1.0.5
72 silly decomposeActions extract zlib@1.0.5
73 silly decomposeActions test zlib@1.0.5
74 silly decomposeActions preinstall zlib@1.0.5
75 silly decomposeActions build zlib@1.0.5
76 silly decomposeActions install zlib@1.0.5
77 silly decomposeActions postinstall zlib@1.0.5
78 silly decomposeActions finalize zlib@1.0.5
79 silly runTopLevelLifecycles Starting
80 silly executeActions Starting
81 silly install executeActions
82 silly doSerial global-install 0
83 silly doParallel fetch 1
84 verbose correctMkdir /Users/sphinx/.npm/_locks correctMkdir not in flight; initializing
85 verbose lock using /Users/sphinx/.npm/_locks/staging-196c49501c571486.lock for /Users/sphinx/node_modules/.staging
86 silly doParallel extract 1
87 silly extract zlib@1.0.5
88 verbose unbuild node_modules/.staging/zlib-528019e1
89 silly gentlyRm /Users/sphinx/node_modules/.staging/zlib-528019e1 is being purged from base /Users/sphinx
90 verbose gentlyRm don't care about contents; nuking /Users/sphinx/node_modules/.staging/zlib-528019e1
91 verbose tar unpack /Users/sphinx/.npm/zlib/1.0.5/package.tgz
92 verbose tar unpacking to /Users/sphinx/node_modules/.staging/zlib-528019e1
93 silly gentlyRm /Users/sphinx/node_modules/.staging/zlib-528019e1 is being purged
94 verbose gentlyRm don't care about contents; nuking /Users/sphinx/node_modules/.staging/zlib-528019e1
95 silly gunzTarPerm modes [ '755', '644' ]
96 silly gunzTarPerm extractEntry .gitignore
97 silly gunzTarPerm extractEntry configure
98 silly gunzTarPerm extractEntry index.js
99 silly gunzTarPerm extractEntry LICENSE
100 silly gunzTarPerm extractEntry Makefile
101 silly gunzTarPerm extractEntry package.json
102 silly gunzTarPerm extractEntry README.md
103 silly gunzTarPerm extractEntry wscript
104 silly gunzTarPerm extractEntry lib/zlib.js
105 silly gunzTarPerm extractEntry src/node-zlib.cc
106 silly gunzTarPerm extractEntry test/deflate.test.js
107 silly gunzTarPerm extractEntry test/inflate.test.js
108 silly gentlyRm /Users/sphinx/node_modules/.staging/zlib-528019e1/node_modules is being purged
109 verbose gentlyRm don't care about contents; nuking /Users/sphinx/node_modules/.staging/zlib-528019e1/node_modules
110 silly doParallel preinstall 1
111 silly preinstall zlib@1.0.5 /Users/sphinx/node_modules/.staging/zlib-528019e1
112 info lifecycle zlib@1.0.5~preinstall: zlib@1.0.5
113 verbose lifecycle zlib@1.0.5~preinstall: unsafe-perm in lifecycle true
114 verbose lifecycle zlib@1.0.5~preinstall: PATH: /usr/local/lib/node_modules/npm/bin/node-gyp-bin:/Users/sphinx/node_modules/.staging/zlib-528019e1/node_modules/.bin:/Users/sphinx/node_modules/.bin:/Library/Frameworks/Python.framework/Versions/3.6/bin:/Users/sphinx/miniconda3/bin:/usr/local/bin:/usr/bin:/bin:/usr/sbin:/sbin:/Applications/Wireshark.app/Contents/MacOS
115 verbose lifecycle zlib@1.0.5~preinstall: CWD: /Users/sphinx/node_modules/.staging/zlib-528019e1
116 silly lifecycle zlib@1.0.5~preinstall: Args: [ '-c', 'node-waf clean || true; node-waf configure build' ]
117 info lifecycle zlib@1.0.5~preinstall: Failed to exec preinstall script
118 verbose unlock done using /Users/sphinx/.npm/_locks/staging-196c49501c571486.lock for /Users/sphinx/node_modules/.staging
119 silly rollbackFailedOptional Starting
120 silly rollbackFailedOptional Finishing
121 silly runTopLevelLifecycles Finishing
122 silly install printInstalled
123 verbose stack Error: zlib@1.0.5 preinstall: `node-waf clean || true; node-waf configure build`
123 verbose stack spawn ENOENT
123 verbose stack     at ChildProcess.<anonymous> (/usr/local/lib/node_modules/npm/lib/utils/spawn.js:33:16)
123 verbose stack     at emitTwo (events.js:106:13)
123 verbose stack     at ChildProcess.emit (events.js:191:7)
123 verbose stack     at maybeClose (internal/child_process.js:877:16)
123 verbose stack     at Process.ChildProcess._handle.onexit (internal/child_process.js:226:5)
124 verbose pkgid zlib@1.0.5
125 verbose cwd /Users/sphinx/Documents/on-the-fly
126 error Darwin 16.6.0
127 error argv "/usr/local/bin/node" "/usr/local/bin/npm" "install" "zlib"
128 error node v6.9.4
129 error npm  v3.10.10
130 error file sh
131 error code ELIFECYCLE
132 error errno ENOENT
133 error syscall spawn
134 error zlib@1.0.5 preinstall: `node-waf clean || true; node-waf configure build`
134 error spawn ENOENT
135 error Failed at the zlib@1.0.5 preinstall script 'node-waf clean || true; node-waf configure build'.
135 error Make sure you have the latest version of node.js and npm installed.
135 error If you do, this is most likely a problem with the zlib package,
135 error not with npm itself.
135 error Tell the author that this fails on your system:
135 error     node-waf clean || true; node-waf configure build
135 error You can get information on how to open an issue for this project with:
135 error     npm bugs zlib
135 error Or if that isn't available, you can get their info via:
135 error     npm owner ls zlib
135 error There is likely additional logging output above.
136 verbose exit [ 1, true ]
